<?xml version="1.0" encoding="UTF-8"?>
<!-- Generated by org.testng.reporters.JUnitReportReporter -->
<testsuite hostname="DESKTOP-G8IB09C" failures="0" tests="1" name="jan6.False_asserts" time="4.732" errors="0" timestamp="2023-01-06T22:42:12 IST" skipped="0">
  <testcase classname="jan6.False_asserts" name="verify_title" time="4.732"/>
  <system-out/>
</testsuite> <!-- jan6.False_asserts -->
