<?xml version="1.0" encoding="UTF-8"?>
<!-- Generated by org.testng.reporters.JUnitReportReporter -->
<testsuite hostname="DESKTOP-G8IB09C" failures="0" tests="10" name="jan5.Using_parameter" time="48.660" errors="0" timestamp="2023-01-06T03:36:03 IST" skipped="0">
  <testcase classname="jan5.Using_parameter" name="verify_login" time="3.211"/>
  <system-out>
    <![CDATA[login failed : :dashboard    http://orangehrm.qedgetech.com/symfony/web/index.php/auth/validateCredentials]]>
  </system-out>
  <testcase classname="jan5.Using_parameter" name="verify_login" time="3.665"/>
  <system-out>
    <![CDATA[login failed : :dashboard    http://orangehrm.qedgetech.com/symfony/web/index.php/auth/validateCredentials]]>
  </system-out>
  <testcase classname="jan5.Using_parameter" name="verify_login" time="4.457"/>
  <system-out>
    <![CDATA[login failed : :dashboard    http://orangehrm.qedgetech.com/symfony/web/index.php/auth/validateCredentials]]>
  </system-out>
  <testcase classname="jan5.Using_parameter" name="verify_login" time="1.931"/>
  <system-out>
    <![CDATA[login failed : :dashboard    http://orangehrm.qedgetech.com/symfony/web/index.php/auth/validateCredentials]]>
  </system-out>
  <testcase classname="jan5.Using_parameter" name="verify_login" time="3.372"/>
  <system-out>
    <![CDATA[login failed : :dashboard    http://orangehrm.qedgetech.com/symfony/web/index.php/auth/validateCredentials]]>
  </system-out>
  <testcase classname="jan5.Using_parameter" name="verify_login" time="8.724"/>
  <system-out>
    <![CDATA[login failed : :dashboard    http://orangehrm.qedgetech.com/symfony/web/index.php/auth/validateCredentials]]>
  </system-out>
  <testcase classname="jan5.Using_parameter" name="verify_login" time="1.930"/>
  <system-out>
    <![CDATA[login failed : :dashboard    http://orangehrm.qedgetech.com/symfony/web/index.php/auth/validateCredentials]]>
  </system-out>
  <testcase classname="jan5.Using_parameter" name="verify_login" time="1.694"/>
  <system-out>
    <![CDATA[login failed : :dashboard    http://orangehrm.qedgetech.com/symfony/web/index.php/auth/validateCredentials]]>
  </system-out>
  <testcase classname="jan5.Using_parameter" name="verify_login" time="18.050"/>
  <system-out>
    <![CDATA[login failed : :dashboard    http://orangehrm.qedgetech.com/symfony/web/index.php/auth/validateCredentials]]>
  </system-out>
  <testcase classname="jan5.Using_parameter" name="verify_login" time="1.626"/>
  <system-out>
    <![CDATA[login failed : :dashboard    http://orangehrm.qedgetech.com/symfony/web/index.php/auth/validateCredentials]]>
  </system-out>
</testsuite> <!-- jan5.Using_parameter -->
