<?xml version="1.0" encoding="UTF-8"?>
<!-- Generated by org.testng.reporters.JUnitReportReporter -->
<testsuite hostname="DESKTOP-G8IB09C" failures="0" tests="1" name="jan6.Equal_asserts" time="17.736" errors="0" timestamp="2023-01-08T15:33:13 IST" skipped="0">
  <testcase classname="jan6.Equal_asserts" name="verify_title" time="17.736"/>
  <system-out/>
</testsuite> <!-- jan6.Equal_asserts -->
