<?xml version="1.0" encoding="UTF-8"?>
<!-- Generated by org.testng.reporters.JUnitReportReporter -->
<testsuite hostname="DESKTOP-G8IB09C" failures="0" tests="3" name="jan3.FirsttestNGclass" time="10.748" errors="0" timestamp="2023-01-06T01:28:16 IST" skipped="0">
  <testcase classname="jan3.FirsttestNGclass" name="ibanking" time="3.631"/>
  <system-out>
    <![CDATA[execute i banking test]]>
  </system-out>
  <testcase classname="jan3.FirsttestNGclass" name="cbanking" time="3.419"/>
  <system-out>
    <![CDATA[execute cbanking test]]>
  </system-out>
  <testcase classname="jan3.FirsttestNGclass" name="pbanking" time="3.698"/>
  <system-out>
    <![CDATA[executing pbanking test]]>
  </system-out>
</testsuite> <!-- jan3.FirsttestNGclass -->
