<?xml version="1.0" encoding="UTF-8"?>
<!-- Generated by org.testng.reporters.JUnitReportReporter -->
<testsuite hostname="DESKTOP-G8IB09C" failures="0" tests="1" name="jan6.Propertyfile" time="15.544" errors="0" timestamp="2023-01-07T00:17:22 IST" skipped="0">
  <testcase classname="jan6.Propertyfile" name="verify_login" time="15.544"/>
  <system-out/>
</testsuite> <!-- jan6.Propertyfile -->
