<?xml version="1.0" encoding="UTF-8"?>
<!-- Generated by org.testng.reporters.JUnitReportReporter -->
<testsuite hostname="DESKTOP-G8IB09C" failures="0" tests="4" name="jan3.Primus" time="15.936" errors="0" timestamp="2023-01-06T01:28:16 IST" skipped="0">
  <testcase classname="jan3.Primus" name="login" time="4.159"/>
  <system-out/>
  <testcase classname="jan3.Primus" name="login" time="3.407"/>
  <system-out/>
  <testcase classname="jan3.Primus" name="login" time="4.255"/>
  <system-out/>
  <testcase classname="jan3.Primus" name="login" time="4.115"/>
  <system-out/>
</testsuite> <!-- jan3.Primus -->
