<?xml version="1.0" encoding="UTF-8"?>
<!-- Generated by org.testng.reporters.JUnitReportReporter -->
<testsuite hostname="DESKTOP-G8IB09C" failures="0" tests="5" name="jan5.Using_daataprovider" time="13.409" errors="0" timestamp="2023-01-06T02:32:14 IST" skipped="0">
  <testcase classname="jan5.Using_daataprovider" name="verify_login" time="1.324"/>
  <system-out>
    <![CDATA[login failed : :dashboard    http://orangehrm.qedgetech.com/symfony/web/index.php/auth/validateCredentials]]>
  </system-out>
  <testcase classname="jan5.Using_daataprovider" name="verify_login" time="1.385"/>
  <system-out>
    <![CDATA[login failed : :dashboard    http://orangehrm.qedgetech.com/symfony/web/index.php/auth/validateCredentials]]>
  </system-out>
  <testcase classname="jan5.Using_daataprovider" name="verify_login" time="1.472"/>
  <system-out>
    <![CDATA[login failed : :dashboard    http://orangehrm.qedgetech.com/symfony/web/index.php/auth/validateCredentials]]>
  </system-out>
  <testcase classname="jan5.Using_daataprovider" name="verify_login" time="1.445"/>
  <system-out>
    <![CDATA[login failed : :dashboard    http://orangehrm.qedgetech.com/symfony/web/index.php/auth/validateCredentials]]>
  </system-out>
  <testcase classname="jan5.Using_daataprovider" name="verify_login" time="7.783"/>
  <system-out>
    <![CDATA[login failed : :dashboard    http://orangehrm.qedgetech.com/symfony/web/index.php/auth/validateCredentials]]>
  </system-out>
</testsuite> <!-- jan5.Using_daataprovider -->
