<?xml version="1.0" encoding="UTF-8"?>
<!-- Generated by org.testng.reporters.JUnitReportReporter -->
<testsuite hostname="DESKTOP-G8IB09C" failures="0" tests="1" name="jan6.True_asserts" time="11.151" errors="0" timestamp="2023-01-08T15:31:50 IST" skipped="0">
  <testcase classname="jan6.True_asserts" name="verify_title" time="11.151"/>
  <system-out/>
</testsuite> <!-- jan6.True_asserts -->
